C:\Users\Administrator\Desktop\实践\操作系统\memoryapply\Debug\cl.command.1.tlog
C:\Users\Administrator\Desktop\实践\操作系统\memoryapply\Debug\CL.read.1.tlog
C:\Users\Administrator\Desktop\实践\操作系统\memoryapply\Debug\CL.write.1.tlog
C:\Users\Administrator\Desktop\实践\操作系统\memoryapply\Debug\link.7308.read.1.tlog
C:\Users\Administrator\Desktop\实践\操作系统\memoryapply\Debug\link.7308.write.1.tlog
C:\Users\Administrator\Desktop\实践\操作系统\memoryapply\Debug\link.7308-cvtres.read.1.tlog
C:\Users\Administrator\Desktop\实践\操作系统\memoryapply\Debug\link.7308-cvtres.write.1.tlog
C:\Users\Administrator\Desktop\实践\操作系统\memoryapply\Debug\link.7872.read.1.tlog
C:\Users\Administrator\Desktop\实践\操作系统\memoryapply\Debug\link.7872.write.1.tlog
C:\Users\Administrator\Desktop\实践\操作系统\memoryapply\Debug\link.7872-cvtres.read.1.tlog
C:\Users\Administrator\Desktop\实践\操作系统\memoryapply\Debug\link.7872-cvtres.write.1.tlog
C:\Users\Administrator\Desktop\实践\操作系统\memoryapply\Debug\link.command.1.tlog
C:\Users\Administrator\Desktop\实践\操作系统\memoryapply\Debug\link.read.1.tlog
C:\Users\Administrator\Desktop\实践\操作系统\memoryapply\Debug\link.write.1.tlog
C:\Users\Administrator\Desktop\实践\操作系统\memoryapply\Debug\link-cvtres.read.1.tlog
C:\Users\Administrator\Desktop\实践\操作系统\memoryapply\Debug\link-cvtres.write.1.tlog
C:\USERS\ADMINISTRATOR\DESKTOP\实践\操作系统\MEMORYAPPLY\DEBUG\MEMORYMANAGE.EXE
C:\USERS\ADMINISTRATOR\DESKTOP\实践\操作系统\MEMORYAPPLY\DEBUG\MEMORYMANAGE.EXE.EMBED.MANIFEST
C:\USERS\ADMINISTRATOR\DESKTOP\实践\操作系统\MEMORYAPPLY\DEBUG\MEMORYMANAGE.EXE.EMBED.MANIFEST.RES
C:\USERS\ADMINISTRATOR\DESKTOP\实践\操作系统\MEMORYAPPLY\DEBUG\MEMORYMANAGE.EXE.INTERMEDIATE.MANIFEST
C:\USERS\ADMINISTRATOR\DESKTOP\实践\操作系统\MEMORYAPPLY\DEBUG\MEMORYMANAGE.ILK
C:\USERS\ADMINISTRATOR\DESKTOP\实践\操作系统\MEMORYAPPLY\DEBUG\MEMORYMANAGE.OBJ
C:\USERS\ADMINISTRATOR\DESKTOP\实践\操作系统\MEMORYAPPLY\DEBUG\MEMORYMANAGE.PCH
C:\USERS\ADMINISTRATOR\DESKTOP\实践\操作系统\MEMORYAPPLY\DEBUG\MEMORYMANAGE.PDB
C:\Users\Administrator\Desktop\实践\操作系统\memoryapply\Debug\memorymanage_manifest.rc
C:\Users\Administrator\Desktop\实践\操作系统\memoryapply\Debug\mt.command.1.tlog
C:\Users\Administrator\Desktop\实践\操作系统\memoryapply\Debug\mt.read.1.tlog
C:\Users\Administrator\Desktop\实践\操作系统\memoryapply\Debug\mt.write.1.tlog
C:\Users\Administrator\Desktop\实践\操作系统\memoryapply\Debug\rc.command.1.tlog
C:\Users\Administrator\Desktop\实践\操作系统\memoryapply\Debug\rc.read.1.tlog
C:\Users\Administrator\Desktop\实践\操作系统\memoryapply\Debug\rc.write.1.tlog
C:\USERS\ADMINISTRATOR\DESKTOP\实践\操作系统\MEMORYAPPLY\DEBUG\STDAFX.OBJ
C:\Users\Administrator\Desktop\实践\操作系统\memoryapply\Debug\vc100.idb
C:\USERS\ADMINISTRATOR\DESKTOP\实践\操作系统\MEMORYAPPLY\DEBUG\VC100.PDB
